<?xml version="1.0" encoding="UTF-8"?>
<testng-results ignored="0" total="1" passed="1" failed="0" skipped="0">
  <reporter-output>
  </reporter-output>
  <suite started-at="2023-10-31T17:42:08 PST" name="Default suite" finished-at="2023-10-31T17:43:26 PST" duration-ms="78079">
    <groups>
    </groups>
    <test started-at="2023-10-31T17:42:08 PST" name="Default test" finished-at="2023-10-31T17:43:26 PST" duration-ms="78079">
      <class name="scripts.TC1_CreateAccount">
        <test-method is-config="true" signature="startServerwithApp()[pri:0, instance:scripts.TC1_CreateAccount@3fc2959f]" started-at="2023-10-31T17:42:08 PST" name="startServerwithApp" finished-at="2023-10-31T17:42:24 PST" duration-ms="15905" status="PASS">
          <reporter-output>
          </reporter-output>
        </test-method> <!-- startServerwithApp -->
        <test-method signature="creatAccount()[pri:0, instance:scripts.TC1_CreateAccount@3fc2959f]" started-at="2023-10-31T17:42:24 PST" name="creatAccount" finished-at="2023-10-31T17:43:25 PST" duration-ms="61086" status="PASS">
          <reporter-output>
          </reporter-output>
        </test-method> <!-- creatAccount -->
        <test-method is-config="true" signature="tearDown()[pri:0, instance:scripts.TC1_CreateAccount@3fc2959f]" started-at="2023-10-31T17:43:25 PST" name="tearDown" finished-at="2023-10-31T17:43:26 PST" duration-ms="975" status="PASS">
          <reporter-output>
          </reporter-output>
        </test-method> <!-- tearDown -->
      </class> <!-- scripts.TC1_CreateAccount -->
    </test> <!-- Default test -->
  </suite> <!-- Default suite -->
</testng-results>
